making beds from:	 CBP20_1_DMSO
making READ1 beds from:	 CBP20_1_DMSO
completed READ1 beds from:	 CBP20_1_DMSO
making 5primepos beds from:	 CBP20_1_DMSO
completed 5primepos beds from:	 CBP20_1_DMSO
making READ2 beds from:	 CBP20_1_DMSO
completed READ2 beds from:	 CBP20_1_DMSO
making 3endOfRead2 beds from:	 CBP20_1_DMSO
completed 3endOfRead2 beds from:	 CBP20_1_DMSO
complete making beds from:	 CBP20_1_DMSO
making beds from:	 CBP20_1_negative
making READ1 beds from:	 CBP20_1_negative
completed READ1 beds from:	 CBP20_1_negative
making 5primepos beds from:	 CBP20_1_negative
completed 5primepos beds from:	 CBP20_1_negative
making READ2 beds from:	 CBP20_1_negative
completed READ2 beds from:	 CBP20_1_negative
making 3endOfRead2 beds from:	 CBP20_1_negative
completed 3endOfRead2 beds from:	 CBP20_1_negative
complete making beds from:	 CBP20_1_negative
making beds from:	 CBP20_1_PBSDRB
making READ1 beds from:	 CBP20_1_PBSDRB
completed READ1 beds from:	 CBP20_1_PBSDRB
making 5primepos beds from:	 CBP20_1_PBSDRB
completed 5primepos beds from:	 CBP20_1_PBSDRB
making READ2 beds from:	 CBP20_1_PBSDRB
completed READ2 beds from:	 CBP20_1_PBSDRB
making 3endOfRead2 beds from:	 CBP20_1_PBSDRB
completed 3endOfRead2 beds from:	 CBP20_1_PBSDRB
complete making beds from:	 CBP20_1_PBSDRB
making beds from:	 CBP20_1_t00
making READ1 beds from:	 CBP20_1_t00
completed READ1 beds from:	 CBP20_1_t00
making 5primepos beds from:	 CBP20_1_t00
completed 5primepos beds from:	 CBP20_1_t00
making READ2 beds from:	 CBP20_1_t00
completed READ2 beds from:	 CBP20_1_t00
making 3endOfRead2 beds from:	 CBP20_1_t00
completed 3endOfRead2 beds from:	 CBP20_1_t00
complete making beds from:	 CBP20_1_t00
making beds from:	 CBP20_1_t05
making READ1 beds from:	 CBP20_1_t05
completed READ1 beds from:	 CBP20_1_t05
making 5primepos beds from:	 CBP20_1_t05
completed 5primepos beds from:	 CBP20_1_t05
making READ2 beds from:	 CBP20_1_t05
completed READ2 beds from:	 CBP20_1_t05
making 3endOfRead2 beds from:	 CBP20_1_t05
completed 3endOfRead2 beds from:	 CBP20_1_t05
complete making beds from:	 CBP20_1_t05
making beds from:	 CBP20_1_t10
making READ1 beds from:	 CBP20_1_t10
completed READ1 beds from:	 CBP20_1_t10
making 5primepos beds from:	 CBP20_1_t10
completed 5primepos beds from:	 CBP20_1_t10
making READ2 beds from:	 CBP20_1_t10
completed READ2 beds from:	 CBP20_1_t10
making 3endOfRead2 beds from:	 CBP20_1_t10
completed 3endOfRead2 beds from:	 CBP20_1_t10
complete making beds from:	 CBP20_1_t10
making beds from:	 CBP20_1_t15
making READ1 beds from:	 CBP20_1_t15
completed READ1 beds from:	 CBP20_1_t15
making 5primepos beds from:	 CBP20_1_t15
completed 5primepos beds from:	 CBP20_1_t15
making READ2 beds from:	 CBP20_1_t15
completed READ2 beds from:	 CBP20_1_t15
making 3endOfRead2 beds from:	 CBP20_1_t15
completed 3endOfRead2 beds from:	 CBP20_1_t15
complete making beds from:	 CBP20_1_t15
making beds from:	 CBP20_1_t20
making READ1 beds from:	 CBP20_1_t20
completed READ1 beds from:	 CBP20_1_t20
making 5primepos beds from:	 CBP20_1_t20
completed 5primepos beds from:	 CBP20_1_t20
making READ2 beds from:	 CBP20_1_t20
completed READ2 beds from:	 CBP20_1_t20
making 3endOfRead2 beds from:	 CBP20_1_t20
completed 3endOfRead2 beds from:	 CBP20_1_t20
complete making beds from:	 CBP20_1_t20
making beds from:	 CBP20_1_t40
making READ1 beds from:	 CBP20_1_t40
completed READ1 beds from:	 CBP20_1_t40
making 5primepos beds from:	 CBP20_1_t40
completed 5primepos beds from:	 CBP20_1_t40
making READ2 beds from:	 CBP20_1_t40
completed READ2 beds from:	 CBP20_1_t40
making 3endOfRead2 beds from:	 CBP20_1_t40
completed 3endOfRead2 beds from:	 CBP20_1_t40
complete making beds from:	 CBP20_1_t40
making beds from:	 CBP20_1_t60
making READ1 beds from:	 CBP20_1_t60
completed READ1 beds from:	 CBP20_1_t60
making 5primepos beds from:	 CBP20_1_t60
completed 5primepos beds from:	 CBP20_1_t60
making READ2 beds from:	 CBP20_1_t60
completed READ2 beds from:	 CBP20_1_t60
making 3endOfRead2 beds from:	 CBP20_1_t60
completed 3endOfRead2 beds from:	 CBP20_1_t60
complete making beds from:	 CBP20_1_t60
making beds from:	 CBP20_1_val
making READ1 beds from:	 CBP20_1_val
completed READ1 beds from:	 CBP20_1_val
making 5primepos beds from:	 CBP20_1_val
completed 5primepos beds from:	 CBP20_1_val
making READ2 beds from:	 CBP20_1_val
completed READ2 beds from:	 CBP20_1_val
making 3endOfRead2 beds from:	 CBP20_1_val
completed 3endOfRead2 beds from:	 CBP20_1_val
complete making beds from:	 CBP20_1_val
making beds from:	 CBP20_2_DMSO
making READ1 beds from:	 CBP20_2_DMSO
completed READ1 beds from:	 CBP20_2_DMSO
making 5primepos beds from:	 CBP20_2_DMSO
completed 5primepos beds from:	 CBP20_2_DMSO
making READ2 beds from:	 CBP20_2_DMSO
completed READ2 beds from:	 CBP20_2_DMSO
making 3endOfRead2 beds from:	 CBP20_2_DMSO
completed 3endOfRead2 beds from:	 CBP20_2_DMSO
complete making beds from:	 CBP20_2_DMSO
making beds from:	 CBP20_2_negative
making READ1 beds from:	 CBP20_2_negative
completed READ1 beds from:	 CBP20_2_negative
making 5primepos beds from:	 CBP20_2_negative
completed 5primepos beds from:	 CBP20_2_negative
making READ2 beds from:	 CBP20_2_negative
completed READ2 beds from:	 CBP20_2_negative
making 3endOfRead2 beds from:	 CBP20_2_negative
completed 3endOfRead2 beds from:	 CBP20_2_negative
complete making beds from:	 CBP20_2_negative
making beds from:	 CBP20_2_PBSDRB
making READ1 beds from:	 CBP20_2_PBSDRB
completed READ1 beds from:	 CBP20_2_PBSDRB
making 5primepos beds from:	 CBP20_2_PBSDRB
completed 5primepos beds from:	 CBP20_2_PBSDRB
making READ2 beds from:	 CBP20_2_PBSDRB
completed READ2 beds from:	 CBP20_2_PBSDRB
making 3endOfRead2 beds from:	 CBP20_2_PBSDRB
completed 3endOfRead2 beds from:	 CBP20_2_PBSDRB
complete making beds from:	 CBP20_2_PBSDRB
making beds from:	 CBP20_2_t00
making READ1 beds from:	 CBP20_2_t00
completed READ1 beds from:	 CBP20_2_t00
making 5primepos beds from:	 CBP20_2_t00
completed 5primepos beds from:	 CBP20_2_t00
making READ2 beds from:	 CBP20_2_t00
completed READ2 beds from:	 CBP20_2_t00
making 3endOfRead2 beds from:	 CBP20_2_t00
completed 3endOfRead2 beds from:	 CBP20_2_t00
complete making beds from:	 CBP20_2_t00
making beds from:	 CBP20_2_t05
making READ1 beds from:	 CBP20_2_t05
completed READ1 beds from:	 CBP20_2_t05
making 5primepos beds from:	 CBP20_2_t05
completed 5primepos beds from:	 CBP20_2_t05
making READ2 beds from:	 CBP20_2_t05
completed READ2 beds from:	 CBP20_2_t05
making 3endOfRead2 beds from:	 CBP20_2_t05
completed 3endOfRead2 beds from:	 CBP20_2_t05
complete making beds from:	 CBP20_2_t05
making beds from:	 CBP20_2_t10
making READ1 beds from:	 CBP20_2_t10
completed READ1 beds from:	 CBP20_2_t10
making 5primepos beds from:	 CBP20_2_t10
completed 5primepos beds from:	 CBP20_2_t10
making READ2 beds from:	 CBP20_2_t10
completed READ2 beds from:	 CBP20_2_t10
making 3endOfRead2 beds from:	 CBP20_2_t10
completed 3endOfRead2 beds from:	 CBP20_2_t10
complete making beds from:	 CBP20_2_t10
making beds from:	 CBP20_2_t15
making READ1 beds from:	 CBP20_2_t15
completed READ1 beds from:	 CBP20_2_t15
making 5primepos beds from:	 CBP20_2_t15
completed 5primepos beds from:	 CBP20_2_t15
making READ2 beds from:	 CBP20_2_t15
completed READ2 beds from:	 CBP20_2_t15
making 3endOfRead2 beds from:	 CBP20_2_t15
completed 3endOfRead2 beds from:	 CBP20_2_t15
complete making beds from:	 CBP20_2_t15
making beds from:	 CBP20_2_t20
making READ1 beds from:	 CBP20_2_t20
completed READ1 beds from:	 CBP20_2_t20
making 5primepos beds from:	 CBP20_2_t20
completed 5primepos beds from:	 CBP20_2_t20
making READ2 beds from:	 CBP20_2_t20
completed READ2 beds from:	 CBP20_2_t20
making 3endOfRead2 beds from:	 CBP20_2_t20
completed 3endOfRead2 beds from:	 CBP20_2_t20
complete making beds from:	 CBP20_2_t20
making beds from:	 CBP20_2_t40
making READ1 beds from:	 CBP20_2_t40
completed READ1 beds from:	 CBP20_2_t40
making 5primepos beds from:	 CBP20_2_t40
completed 5primepos beds from:	 CBP20_2_t40
making READ2 beds from:	 CBP20_2_t40
completed READ2 beds from:	 CBP20_2_t40
making 3endOfRead2 beds from:	 CBP20_2_t40
completed 3endOfRead2 beds from:	 CBP20_2_t40
complete making beds from:	 CBP20_2_t40
making beds from:	 CBP20_2_t60
making READ1 beds from:	 CBP20_2_t60
completed READ1 beds from:	 CBP20_2_t60
making 5primepos beds from:	 CBP20_2_t60
completed 5primepos beds from:	 CBP20_2_t60
making READ2 beds from:	 CBP20_2_t60
completed READ2 beds from:	 CBP20_2_t60
making 3endOfRead2 beds from:	 CBP20_2_t60
completed 3endOfRead2 beds from:	 CBP20_2_t60
complete making beds from:	 CBP20_2_t60
making beds from:	 CBP20_2_val
making READ1 beds from:	 CBP20_2_val
completed READ1 beds from:	 CBP20_2_val
making 5primepos beds from:	 CBP20_2_val
completed 5primepos beds from:	 CBP20_2_val
making READ2 beds from:	 CBP20_2_val
completed READ2 beds from:	 CBP20_2_val
making 3endOfRead2 beds from:	 CBP20_2_val
completed 3endOfRead2 beds from:	 CBP20_2_val
complete making beds from:	 CBP20_2_val
making beds from:	 CBP20_3_DMSO
making READ1 beds from:	 CBP20_3_DMSO
completed READ1 beds from:	 CBP20_3_DMSO
making 5primepos beds from:	 CBP20_3_DMSO
completed 5primepos beds from:	 CBP20_3_DMSO
making READ2 beds from:	 CBP20_3_DMSO
completed READ2 beds from:	 CBP20_3_DMSO
making 3endOfRead2 beds from:	 CBP20_3_DMSO
completed 3endOfRead2 beds from:	 CBP20_3_DMSO
complete making beds from:	 CBP20_3_DMSO
making beds from:	 CBP20_3_negative
making READ1 beds from:	 CBP20_3_negative
completed READ1 beds from:	 CBP20_3_negative
making 5primepos beds from:	 CBP20_3_negative
completed 5primepos beds from:	 CBP20_3_negative
making READ2 beds from:	 CBP20_3_negative
completed READ2 beds from:	 CBP20_3_negative
making 3endOfRead2 beds from:	 CBP20_3_negative
completed 3endOfRead2 beds from:	 CBP20_3_negative
complete making beds from:	 CBP20_3_negative
making beds from:	 CBP20_3_t00
making READ1 beds from:	 CBP20_3_t00
completed READ1 beds from:	 CBP20_3_t00
making 5primepos beds from:	 CBP20_3_t00
completed 5primepos beds from:	 CBP20_3_t00
making READ2 beds from:	 CBP20_3_t00
completed READ2 beds from:	 CBP20_3_t00
making 3endOfRead2 beds from:	 CBP20_3_t00
completed 3endOfRead2 beds from:	 CBP20_3_t00
complete making beds from:	 CBP20_3_t00
making beds from:	 CBP20_3_t05
making READ1 beds from:	 CBP20_3_t05
completed READ1 beds from:	 CBP20_3_t05
making 5primepos beds from:	 CBP20_3_t05
completed 5primepos beds from:	 CBP20_3_t05
making READ2 beds from:	 CBP20_3_t05
completed READ2 beds from:	 CBP20_3_t05
making 3endOfRead2 beds from:	 CBP20_3_t05
completed 3endOfRead2 beds from:	 CBP20_3_t05
complete making beds from:	 CBP20_3_t05
making beds from:	 CBP20_3_t10
making READ1 beds from:	 CBP20_3_t10
completed READ1 beds from:	 CBP20_3_t10
making 5primepos beds from:	 CBP20_3_t10
completed 5primepos beds from:	 CBP20_3_t10
making READ2 beds from:	 CBP20_3_t10
completed READ2 beds from:	 CBP20_3_t10
making 3endOfRead2 beds from:	 CBP20_3_t10
completed 3endOfRead2 beds from:	 CBP20_3_t10
complete making beds from:	 CBP20_3_t10
making beds from:	 CBP20_3_t15
making READ1 beds from:	 CBP20_3_t15
completed READ1 beds from:	 CBP20_3_t15
making 5primepos beds from:	 CBP20_3_t15
completed 5primepos beds from:	 CBP20_3_t15
making READ2 beds from:	 CBP20_3_t15
completed READ2 beds from:	 CBP20_3_t15
making 3endOfRead2 beds from:	 CBP20_3_t15
completed 3endOfRead2 beds from:	 CBP20_3_t15
complete making beds from:	 CBP20_3_t15
making beds from:	 CBP20_3_t20
making READ1 beds from:	 CBP20_3_t20
completed READ1 beds from:	 CBP20_3_t20
making 5primepos beds from:	 CBP20_3_t20
completed 5primepos beds from:	 CBP20_3_t20
making READ2 beds from:	 CBP20_3_t20
completed READ2 beds from:	 CBP20_3_t20
making 3endOfRead2 beds from:	 CBP20_3_t20
completed 3endOfRead2 beds from:	 CBP20_3_t20
complete making beds from:	 CBP20_3_t20
making beds from:	 CBP20_3_t40
making READ1 beds from:	 CBP20_3_t40
completed READ1 beds from:	 CBP20_3_t40
making 5primepos beds from:	 CBP20_3_t40
completed 5primepos beds from:	 CBP20_3_t40
making READ2 beds from:	 CBP20_3_t40
completed READ2 beds from:	 CBP20_3_t40
making 3endOfRead2 beds from:	 CBP20_3_t40
completed 3endOfRead2 beds from:	 CBP20_3_t40
complete making beds from:	 CBP20_3_t40
making beds from:	 CBP20_3_t60
making READ1 beds from:	 CBP20_3_t60
completed READ1 beds from:	 CBP20_3_t60
making 5primepos beds from:	 CBP20_3_t60
completed 5primepos beds from:	 CBP20_3_t60
making READ2 beds from:	 CBP20_3_t60
completed READ2 beds from:	 CBP20_3_t60
making 3endOfRead2 beds from:	 CBP20_3_t60
completed 3endOfRead2 beds from:	 CBP20_3_t60
complete making beds from:	 CBP20_3_t60
making beds from:	 CBP20_3_val
making READ1 beds from:	 CBP20_3_val
completed READ1 beds from:	 CBP20_3_val
making 5primepos beds from:	 CBP20_3_val
completed 5primepos beds from:	 CBP20_3_val
making READ2 beds from:	 CBP20_3_val
completed READ2 beds from:	 CBP20_3_val
making 3endOfRead2 beds from:	 CBP20_3_val
completed 3endOfRead2 beds from:	 CBP20_3_val
complete making beds from:	 CBP20_3_val
